{
    "username": "09198936461",
    "name": "نازی قلی نژاد",
    "card_numbr": "5022294032418230",
    "amount": 4200000
}{
    "username": "09198936461",
    "name": "نازی قلی نژاد",
    "card_numbr": "5022294032418230",
    "amount": 4200000
}{
    "username": "09127350523",
    "name": "ابراهیم  ابراهیم ",
    "card_numbr": "5022294033893985",
    "amount": 200000
}{
    "username": "09127350523",
    "name": "ابراهیم  ابراهیم ",
    "card_numbr": "5022294033893985",
    "amount": 200000
}{
    "username": "09124885164",
    "name": "سید محمدرضا تقی زاده خان باغی",
    "card_numbr": "5022294032418297",
    "amount": 200000
}{
    "username": "09124885164",
    "name": "سید محمدرضا تقی زاده خان باغی",
    "card_numbr": "5022294032418297",
    "amount": 200000
}{
    "username": "09196882689",
    "name": "سارا عضدانلو مطلق",
    "card_numbr": "5022294033911746",
    "amount": 300000
}{
    "username": "09196882689",
    "name": "سارا عضدانلو مطلق",
    "card_numbr": "5022294033911746",
    "amount": 300000
}{
    "username": "09128457939",
    "name": "محمدجواد قلی پور",
    "card_numbr": "5022294033205255",
    "amount": 600000
}{
    "username": "09386953656",
    "name": "محمد ترمه چی",
    "card_numbr": "5022294032845333",
    "amount": 15000
}{
    "username": "09198936461",
    "name": "نازی قلی نژاد",
    "card_numbr": "5022294032418230",
    "amount": 885000
}{
    "username": "09128457939",
    "name": "محمدجواد قلی پور",
    "card_numbr": "5022294033205255",
    "amount": 600000
}{
    "username": "09386953656",
    "name": "محمد ترمه چی",
    "card_numbr": "5022294032845333",
    "amount": 15000
}{
    "username": "09198936461",
    "name": "نازی قلی نژاد",
    "card_numbr": "5022294032418230",
    "amount": 885000
}{
    "username": "09126053942",
    "name": "حمید بیکی",
    "card_numbr": "5022294033591944",
    "amount": 100
}{
    "username": "09124885164",
    "name": "سید محمدرضا تقی زاده خان باغی",
    "card_numbr": "5022294032418297",
    "amount": 5
}{
    "username": "09126053942",
    "name": "حمید بیکی",
    "card_numbr": "5022294033591944",
    "amount": 100
}{
    "username": "09124885164",
    "name": "سید محمدرضا تقی زاده خان باغی",
    "card_numbr": "5022294032418297",
    "amount": 5
}{
    "username": "09196882689",
    "name": "سارا عضدانلو مطلق",
    "card_numbr": "5022294033911746",
    "amount": 300000
}{
    "username": "09196882689",
    "name": "سارا عضدانلو مطلق",
    "card_numbr": "5022294033911746",
    "amount": 300000
}{
    "username": "09196882689",
    "name": "سارا عضدانلو مطلق",
    "card_numbr": "5022294033911746",
    "amount": 300000
}{
    "username": "09198936461",
    "name": "نازی قلی نژاد",
    "card_numbr": "5022294032418230",
    "amount": 1455000
}{
    "username": "09196882689",
    "name": "سارا عضدانلو مطلق",
    "card_numbr": "5022294033911746",
    "amount": 300000
}{
    "username": "09198936461",
    "name": "نازی قلی نژاد",
    "card_numbr": "5022294032418230",
    "amount": 1455000
}{
    "username": "09177015135",
    "name": "سپیده حافظی",
    "card_numbr": "5022294034025686",
    "amount": 1200000
}{
    "username": "09128457939",
    "name": "محمدجواد قلی پور",
    "card_numbr": "5022294033205255",
    "amount": 1800000
}{
    "username": "09386953656",
    "name": "محمد ترمه چی",
    "card_numbr": "5022294032845333",
    "amount": 45000
}{
    "username": "09177015135",
    "name": "سپیده حافظی",
    "card_numbr": "5022294034025686",
    "amount": 1200000
}{
    "username": "09128457939",
    "name": "محمدجواد قلی پور",
    "card_numbr": "5022294033205255",
    "amount": 1800000
}{
    "username": "09386953656",
    "name": "محمد ترمه چی",
    "card_numbr": "5022294032845333",
    "amount": 45000
}{
    "username": "09126581745",
    "name": "خدیجه شهریاری",
    "card_numbr": "5022294034046617",
    "amount": 963360000
}{
    "username": "09126581745",
    "name": "خدیجه شهریاری",
    "card_numbr": "5022294034046617",
    "amount": 963360000
}{
    "username": "09196882689",
    "name": "سارا عضدانلو مطلق",
    "card_numbr": "5022294033911746",
    "amount": 300000
}{
    "username": "09198936461",
    "name": "نازی قلی نژاد",
    "card_numbr": "5022294032418230",
    "amount": 600210
}{
    "username": "09196882689",
    "name": "سارا عضدانلو مطلق",
    "card_numbr": "5022294033911746",
    "amount": 300000
}{
    "username": "09198936461",
    "name": "نازی قلی نژاد",
    "card_numbr": "5022294032418230",
    "amount": 600210
}{
    "username": "09032700759",
    "name": "زهرا قلی زاده",
    "card_numbr": "5022294033637697",
    "amount": 700
}{
    "username": "09032700759",
    "name": "زهرا قلی زاده",
    "card_numbr": "5022294033637697",
    "amount": 700
}{
    "username": "09152286734",
    "name": "undefined undefined",
    "card_numbr": "5022294033463623",
    "amount": 30
}{
    "username": "09152286734",
    "name": "undefined undefined",
    "card_numbr": "5022294033463623",
    "amount": 30
}{
    "username": "09127350523",
    "name": "ابراهیم  ابراهیم ",
    "card_numbr": "5022294033893985",
    "amount": 200000
}{
    "username": "09124885164",
    "name": "سید محمدرضا تقی زاده خان باغی",
    "card_numbr": "5022294032418297",
    "amount": 200052
}{
    "username": "09127350523",
    "name": "ابراهیم  ابراهیم ",
    "card_numbr": "5022294033893985",
    "amount": 200000
}{
    "username": "09124885164",
    "name": "سید محمدرضا تقی زاده خان باغی",
    "card_numbr": "5022294032418297",
    "amount": 200052
}{
    "username": "09125064503",
    "name": "دانیال  اندرجانی",
    "card_numbr": "5022294033882491",
    "amount": 170534000
}{
    "username": "09125064503",
    "name": "دانیال  اندرجانی",
    "card_numbr": "5022294033882491",
    "amount": 170534000
}{
    "username": "09122482389",
    "name": "مهدی ابوالحسنی",
    "card_numbr": "5022294033637523",
    "amount": 63000
}{
    "username": "09122482389",
    "name": "مهدی ابوالحسنی",
    "card_numbr": "5022294033637523",
    "amount": 63000
}{
    "username": "09126054170",
    "name": "لیلا گل محمدی",
    "card_numbr": "5022294033604242",
    "amount": 4900
}{
    "username": "09126054170",
    "name": "لیلا گل محمدی",
    "card_numbr": "5022294033604242",
    "amount": 4900
}{
    "username": "09126053942",
    "name": "حمید بیکی",
    "card_numbr": "5022294033591944",
    "amount": 1050
}{
    "username": "09126053942",
    "name": "حمید بیکی",
    "card_numbr": "5022294033591944",
    "amount": 1050
}{
    "username": "09368777579",
    "name": "مهناز پری چشمه گچی .",
    "card_numbr": "5022294033464878",
    "amount": 100000000
}{
    "username": "09368777579",
    "name": "مهناز پری چشمه گچی .",
    "card_numbr": "5022294033464878",
    "amount": 100000000
}{
    "username": "09177015135",
    "name": "سپیده حافظی",
    "card_numbr": "5022294034025686",
    "amount": 600000
}{
    "username": "09198936461",
    "name": "نازی قلی نژاد",
    "card_numbr": "5022294032418230",
    "amount": 602770
}{
    "username": "09177015135",
    "name": "سپیده حافظی",
    "card_numbr": "5022294034025686",
    "amount": 600000
}{
    "username": "09198936461",
    "name": "نازی قلی نژاد",
    "card_numbr": "5022294032418230",
    "amount": 602770
}{
    "username": "09133733321",
    "name": "شرکت تعاونی مصرف چادرملو",
    "card_numbr": "5022294033775182",
    "amount": 200000
}{
    "username": "09133733321",
    "name": "شرکت تعاونی مصرف چادرملو",
    "card_numbr": "5022294033775182",
    "amount": 200000
}{
    "username": "09126053942",
    "name": "حمید بیکی",
    "card_numbr": "5022294033591944",
    "amount": 300000
}{
    "username": "09124885164",
    "name": "سید محمدرضا تقی زاده خان باغی",
    "card_numbr": "5022294032418297",
    "amount": 15000
}{
    "username": "09126053942",
    "name": "حمید بیکی",
    "card_numbr": "5022294033591944",
    "amount": 300000
}{
    "username": "09124885164",
    "name": "سید محمدرضا تقی زاده خان باغی",
    "card_numbr": "5022294032418297",
    "amount": 15000
}{
    "username": "09196882689",
    "name": "سارا عضدانلو مطلق",
    "card_numbr": "5022294033911746",
    "amount": 300000
}{
    "username": "09196882689",
    "name": "سارا عضدانلو مطلق",
    "card_numbr": "5022294033911746",
    "amount": 300000
}{
    "username": "09113519047",
    "name": "محمد جواد عباسی رستمی",
    "card_numbr": "5022294033314222",
    "amount": 10000000
}{
    "username": "09113519047",
    "name": "محمد جواد عباسی رستمی",
    "card_numbr": "5022294033314222",
    "amount": 10000000
}{
    "username": "09133583056",
    "name": "شهرام بیکی",
    "card_numbr": "5022294033597834",
    "amount": 200000
}{
    "username": "09133583056",
    "name": "شهرام بیکی",
    "card_numbr": "5022294033597834",
    "amount": 200000
}{
    "username": "09126053942",
    "name": "حمید بیکی",
    "card_numbr": "5022294033591944",
    "amount": 450000
}{
    "username": "09124885164",
    "name": "سید محمدرضا تقی زاده خان باغی",
    "card_numbr": "5022294032418297",
    "amount": 22500
}{
    "username": "09126053942",
    "name": "حمید بیکی",
    "card_numbr": "5022294033591944",
    "amount": 450000
}{
    "username": "09124885164",
    "name": "سید محمدرضا تقی زاده خان باغی",
    "card_numbr": "5022294032418297",
    "amount": 22500
}{
    "username": "09133733321",
    "name": "شرکت تعاونی مصرف چادرملو",
    "card_numbr": "5022294033775182",
    "amount": 100000
}{
    "username": "09133733321",
    "name": "شرکت تعاونی مصرف چادرملو",
    "card_numbr": "5022294033775182",
    "amount": 100000
}{
    "username": "09196882689",
    "name": "سارا عضدانلو مطلق",
    "card_numbr": "5022294033911746",
    "amount": 1200000
}{
    "username": "09198936461",
    "name": "نازی قلی نژاد",
    "card_numbr": "5022294032418230",
    "amount": 4200000
}{
    "username": "09196882689",
    "name": "سارا عضدانلو مطلق",
    "card_numbr": "5022294033911746",
    "amount": 1200000
}{
    "username": "09194136141",
    "name": "منیژه فرجی قصرالدشتی ",
    "card_numbr": "5022294033250376",
    "amount": 20000000
}{
    "username": "09198936461",
    "name": "نازی قلی نژاد",
    "card_numbr": "5022294032418230",
    "amount": 4200000
}{
    "username": "09194136141",
    "name": "منیژه فرجی قصرالدشتی ",
    "card_numbr": "5022294033250376",
    "amount": 20000000
}